[[1;34mINFO[m] Scanning for projects...
[[1;34mINFO[m] 
[[1;34mINFO[m] [1m----------------------< [0;36mcom.nuvo:account-service[0;1m >----------------------[m
[[1;34mINFO[m] [1mBuilding account-service 0.0.1-SNAPSHOT[m
[[1;34mINFO[m] [1m--------------------------------[ jar ]---------------------------------[m
[[1;34mINFO[m] 
[[1;34mINFO[m] [1m--- [0;32mmaven-clean-plugin:3.3.2:clean[m [1m(default-clean)[m @ [36maccount-service[0;1m ---[m
[[1;34mINFO[m] Deleting /home/Coder/Descargas/NUVO_IP/nuvo-account-service/target
[[1;34mINFO[m] 
[[1;34mINFO[m] [1m>>> [0;32mspring-boot-maven-plugin:3.2.3:run[m [1m(default-cli)[0;1m > [0;1mtest-compile[m @ [36maccount-service[0;1m >>>[m
[[1;34mINFO[m] 
[[1;34mINFO[m] [1m--- [0;32mmaven-resources-plugin:3.3.1:resources[m [1m(default-resources)[m @ [36maccount-service[0;1m ---[m
[[1;34mINFO[m] Copying 1 resource from main/resources to target/classes
[[1;34mINFO[m] 
[[1;34mINFO[m] [1m--- [0;32mmaven-compiler-plugin:3.11.0:compile[m [1m(default-compile)[m @ [36maccount-service[0;1m ---[m
[[1;34mINFO[m] Changes detected - recompiling the module! :source
[[1;34mINFO[m] Compiling 18 source files with javac [debug release 17] to target/classes
[[1;34mINFO[m] 
[[1;34mINFO[m] [1m--- [0;32mmaven-resources-plugin:3.3.1:testResources[m [1m(default-testResources)[m @ [36maccount-service[0;1m ---[m
[[1;34mINFO[m] skip non existing resourceDirectory /home/Coder/Descargas/NUVO_IP/nuvo-account-service/src/test/resources
[[1;34mINFO[m] 
[[1;34mINFO[m] [1m--- [0;32mmaven-compiler-plugin:3.11.0:testCompile[m [1m(default-testCompile)[m @ [36maccount-service[0;1m ---[m
[[1;34mINFO[m] No sources to compile
[[1;34mINFO[m] 
[[1;34mINFO[m] [1m<<< [0;32mspring-boot-maven-plugin:3.2.3:run[m [1m(default-cli)[0;1m < [0;1mtest-compile[m @ [36maccount-service[0;1m <<<[m
[[1;34mINFO[m] 
[[1;34mINFO[m] 
[[1;34mINFO[m] [1m--- [0;32mspring-boot-maven-plugin:3.2.3:run[m [1m(default-cli)[m @ [36maccount-service[0;1m ---[m
[[1;34mINFO[m] Attaching agents: []

  .   ____          _            __ _ _
 /\\ / ___'_ __ _ _(_)_ __  __ _ \ \ \ \
( ( )\___ | '_ | '_| | '_ \/ _` | \ \ \ \
 \\/  ___)| |_)| | | | | || (_| |  ) ) ) )
  '  |____| .__|_| |_|_| |_\__, | / / / /
 =========|_|==============|___/=/_/_/_/
 :: Spring Boot ::                (v3.2.3)

2025-12-02T17:09:53.064-05:00  INFO 102986 --- [account-service] [           main] com.nuvo.account.AccountApplication      : Starting AccountApplication using Java 21.0.9 with PID 102986 (/home/Coder/Descargas/NUVO_IP/nuvo-account-service/target/classes started by Coder in /home/Coder/Descargas/NUVO_IP/nuvo-account-service)
2025-12-02T17:09:53.065-05:00  INFO 102986 --- [account-service] [           main] com.nuvo.account.AccountApplication      : No active profile set, falling back to 1 default profile: "default"
2025-12-02T17:09:53.337-05:00  INFO 102986 --- [account-service] [           main] .s.d.r.c.RepositoryConfigurationDelegate : Bootstrapping Spring Data JPA repositories in DEFAULT mode.
2025-12-02T17:09:53.371-05:00  INFO 102986 --- [account-service] [           main] .s.d.r.c.RepositoryConfigurationDelegate : Finished Spring Data repository scanning in 31 ms. Found 1 JPA repository interface.
2025-12-02T17:09:53.593-05:00  INFO 102986 --- [account-service] [           main] o.s.b.w.embedded.tomcat.TomcatWebServer  : Tomcat initialized with port 8082 (http)
2025-12-02T17:09:53.600-05:00  INFO 102986 --- [account-service] [           main] o.apache.catalina.core.StandardService   : Starting service [Tomcat]
2025-12-02T17:09:53.600-05:00  INFO 102986 --- [account-service] [           main] o.apache.catalina.core.StandardEngine    : Starting Servlet engine: [Apache Tomcat/10.1.19]
2025-12-02T17:09:53.624-05:00  INFO 102986 --- [account-service] [           main] o.a.c.c.C.[Tomcat].[localhost].[/]       : Initializing Spring embedded WebApplicationContext
2025-12-02T17:09:53.624-05:00  INFO 102986 --- [account-service] [           main] w.s.c.ServletWebServerApplicationContext : Root WebApplicationContext: initialization completed in 538 ms
2025-12-02T17:09:53.708-05:00  INFO 102986 --- [account-service] [           main] o.hibernate.jpa.internal.util.LogHelper  : HHH000204: Processing PersistenceUnitInfo [name: default]
2025-12-02T17:09:53.729-05:00  INFO 102986 --- [account-service] [           main] org.hibernate.Version                    : HHH000412: Hibernate ORM core version 6.4.4.Final
2025-12-02T17:09:53.742-05:00  INFO 102986 --- [account-service] [           main] o.h.c.internal.RegionFactoryInitiator    : HHH000026: Second-level cache disabled
2025-12-02T17:09:53.844-05:00  INFO 102986 --- [account-service] [           main] o.s.o.j.p.SpringPersistenceUnitInfo      : No LoadTimeWeaver setup: ignoring JPA class transformer
2025-12-02T17:09:53.856-05:00  INFO 102986 --- [account-service] [           main] com.zaxxer.hikari.HikariDataSource       : HikariPool-1 - Starting...
2025-12-02T17:09:53.941-05:00  INFO 102986 --- [account-service] [           main] com.zaxxer.hikari.pool.HikariPool        : HikariPool-1 - Added connection org.postgresql.jdbc.PgConnection@4bbf38b8
2025-12-02T17:09:53.942-05:00  INFO 102986 --- [account-service] [           main] com.zaxxer.hikari.HikariDataSource       : HikariPool-1 - Start completed.
2025-12-02T17:09:53.957-05:00  WARN 102986 --- [account-service] [           main] org.hibernate.orm.deprecation            : HHH90000025: PostgreSQLDialect does not need to be specified explicitly using 'hibernate.dialect' (remove the property setting and it will be selected by default)
2025-12-02T17:09:54.323-05:00  INFO 102986 --- [account-service] [           main] o.h.e.t.j.p.i.JtaPlatformInitiator       : HHH000489: No JTA platform available (set 'hibernate.transaction.jta.platform' to enable JTA platform integration)
2025-12-02T17:09:54.351-05:00  INFO 102986 --- [account-service] [           main] j.LocalContainerEntityManagerFactoryBean : Initialized JPA EntityManagerFactory for persistence unit 'default'
2025-12-02T17:09:54.519-05:00  WARN 102986 --- [account-service] [           main] JpaBaseConfiguration$JpaWebConfiguration : spring.jpa.open-in-view is enabled by default. Therefore, database queries may be performed during view rendering. Explicitly configure spring.jpa.open-in-view to disable this warning
2025-12-02T17:09:54.688-05:00  INFO 102986 --- [account-service] [           main] o.s.b.w.embedded.tomcat.TomcatWebServer  : Tomcat started on port 8082 (http) with context path ''
2025-12-02T17:09:54.692-05:00  INFO 102986 --- [account-service] [           main] com.nuvo.account.AccountApplication      : Started AccountApplication in 1.818 seconds (process running for 1.969)
