[[1;34mINFO[m] Scanning for projects...
[[1;34mINFO[m] 
[[1;34mINFO[m] [1m-----------------------< [0;36mcom.nuvo:auth-service[0;1m >------------------------[m
[[1;34mINFO[m] [1mBuilding auth-service 0.0.1-SNAPSHOT[m
[[1;34mINFO[m] [1m--------------------------------[ jar ]---------------------------------[m
[[1;34mINFO[m] 
[[1;34mINFO[m] [1m>>> [0;32mspring-boot-maven-plugin:3.2.3:run[m [1m(default-cli)[0;1m > [0;1mtest-compile[m @ [36mauth-service[0;1m >>>[m
[[1;34mINFO[m] 
[[1;34mINFO[m] [1m--- [0;32mmaven-resources-plugin:3.3.1:resources[m [1m(default-resources)[m @ [36mauth-service[0;1m ---[m
[[1;34mINFO[m] Copying 1 resource from src/main/resources to target/classes
[[1;34mINFO[m] Copying 0 resource from src/main/resources to target/classes
[[1;34mINFO[m] 
[[1;34mINFO[m] [1m--- [0;32mmaven-compiler-plugin:3.11.0:compile[m [1m(default-compile)[m @ [36mauth-service[0;1m ---[m
[[1;34mINFO[m] Nothing to compile - all classes are up to date
[[1;34mINFO[m] 
[[1;34mINFO[m] [1m--- [0;32mmaven-resources-plugin:3.3.1:testResources[m [1m(default-testResources)[m @ [36mauth-service[0;1m ---[m
[[1;34mINFO[m] skip non existing resourceDirectory /home/Coder/Descargas/NUVO_IP/nuvo-auth-service/src/test/resources
[[1;34mINFO[m] 
[[1;34mINFO[m] [1m--- [0;32mmaven-compiler-plugin:3.11.0:testCompile[m [1m(default-testCompile)[m @ [36mauth-service[0;1m ---[m
[[1;34mINFO[m] No sources to compile
[[1;34mINFO[m] 
[[1;34mINFO[m] [1m<<< [0;32mspring-boot-maven-plugin:3.2.3:run[m [1m(default-cli)[0;1m < [0;1mtest-compile[m @ [36mauth-service[0;1m <<<[m
[[1;34mINFO[m] 
[[1;34mINFO[m] 
[[1;34mINFO[m] [1m--- [0;32mspring-boot-maven-plugin:3.2.3:run[m [1m(default-cli)[m @ [36mauth-service[0;1m ---[m
[[1;34mINFO[m] Attaching agents: []

  .   ____          _            __ _ _
 /\\ / ___'_ __ _ _(_)_ __  __ _ \ \ \ \
( ( )\___ | '_ | '_| | '_ \/ _` | \ \ \ \
 \\/  ___)| |_)| | | | | || (_| |  ) ) ) )
  '  |____| .__|_| |_|_| |_\__, | / / / /
 =========|_|==============|___/=/_/_/_/
 :: Spring Boot ::                (v3.2.3)

2025-12-02T17:07:52.493-05:00  INFO 100902 --- [auth-service] [           main] com.nuvo.auth.AuthApplication            : Starting AuthApplication using Java 21.0.9 with PID 100902 (/home/Coder/Descargas/NUVO_IP/nuvo-auth-service/target/classes started by Coder in /home/Coder/Descargas/NUVO_IP/nuvo-auth-service)
2025-12-02T17:07:52.494-05:00  INFO 100902 --- [auth-service] [           main] com.nuvo.auth.AuthApplication            : No active profile set, falling back to 1 default profile: "default"
2025-12-02T17:07:52.843-05:00  INFO 100902 --- [auth-service] [           main] .s.d.r.c.RepositoryConfigurationDelegate : Bootstrapping Spring Data JPA repositories in DEFAULT mode.
2025-12-02T17:07:52.874-05:00  INFO 100902 --- [auth-service] [           main] .s.d.r.c.RepositoryConfigurationDelegate : Finished Spring Data repository scanning in 27 ms. Found 1 JPA repository interface.
2025-12-02T17:07:53.144-05:00  INFO 100902 --- [auth-service] [           main] o.s.b.w.embedded.tomcat.TomcatWebServer  : Tomcat initialized with port 8081 (http)
2025-12-02T17:07:53.152-05:00  INFO 100902 --- [auth-service] [           main] o.apache.catalina.core.StandardService   : Starting service [Tomcat]
2025-12-02T17:07:53.152-05:00  INFO 100902 --- [auth-service] [           main] o.apache.catalina.core.StandardEngine    : Starting Servlet engine: [Apache Tomcat/10.1.19]
2025-12-02T17:07:53.181-05:00  INFO 100902 --- [auth-service] [           main] o.a.c.c.C.[Tomcat].[localhost].[/]       : Initializing Spring embedded WebApplicationContext
2025-12-02T17:07:53.181-05:00  INFO 100902 --- [auth-service] [           main] w.s.c.ServletWebServerApplicationContext : Root WebApplicationContext: initialization completed in 666 ms
2025-12-02T17:07:53.278-05:00  INFO 100902 --- [auth-service] [           main] o.hibernate.jpa.internal.util.LogHelper  : HHH000204: Processing PersistenceUnitInfo [name: default]
2025-12-02T17:07:53.301-05:00  INFO 100902 --- [auth-service] [           main] org.hibernate.Version                    : HHH000412: Hibernate ORM core version 6.4.4.Final
2025-12-02T17:07:53.323-05:00  INFO 100902 --- [auth-service] [           main] o.h.c.internal.RegionFactoryInitiator    : HHH000026: Second-level cache disabled
2025-12-02T17:07:53.454-05:00  INFO 100902 --- [auth-service] [           main] o.s.o.j.p.SpringPersistenceUnitInfo      : No LoadTimeWeaver setup: ignoring JPA class transformer
2025-12-02T17:07:53.474-05:00  INFO 100902 --- [auth-service] [           main] com.zaxxer.hikari.HikariDataSource       : HikariPool-1 - Starting...
2025-12-02T17:07:53.592-05:00  INFO 100902 --- [auth-service] [           main] com.zaxxer.hikari.pool.HikariPool        : HikariPool-1 - Added connection org.postgresql.jdbc.PgConnection@5dfc2a4
2025-12-02T17:07:53.593-05:00  INFO 100902 --- [auth-service] [           main] com.zaxxer.hikari.HikariDataSource       : HikariPool-1 - Start completed.
2025-12-02T17:07:53.614-05:00  WARN 100902 --- [auth-service] [           main] org.hibernate.orm.deprecation            : HHH90000025: PostgreSQLDialect does not need to be specified explicitly using 'hibernate.dialect' (remove the property setting and it will be selected by default)
2025-12-02T17:07:54.109-05:00  INFO 100902 --- [auth-service] [           main] o.h.e.t.j.p.i.JtaPlatformInitiator       : HHH000489: No JTA platform available (set 'hibernate.transaction.jta.platform' to enable JTA platform integration)
Hibernate: create table _user (id integer not null, email varchar(255), firstname varchar(255), lastname varchar(255), password varchar(255), role varchar(255) check (role in ('USER','ADMIN')), primary key (id))
Hibernate: alter table if exists _user drop constraint if exists UK_k11y3pdtsrjgy8w9b6q4bjwrx
2025-12-02T17:07:54.143-05:00  WARN 100902 --- [auth-service] [           main] o.h.engine.jdbc.spi.SqlExceptionHelper   : SQL Warning Code: 0, SQLState: 00000
2025-12-02T17:07:54.143-05:00  WARN 100902 --- [auth-service] [           main] o.h.engine.jdbc.spi.SqlExceptionHelper   : constraint "uk_k11y3pdtsrjgy8w9b6q4bjwrx" of relation "_user" does not exist, skipping
Hibernate: alter table if exists _user add constraint UK_k11y3pdtsrjgy8w9b6q4bjwrx unique (email)
Hibernate: create sequence _user_seq start with 1 increment by 50
2025-12-02T17:07:54.150-05:00  INFO 100902 --- [auth-service] [           main] j.LocalContainerEntityManagerFactoryBean : Initialized JPA EntityManagerFactory for persistence unit 'default'
2025-12-02T17:07:54.391-05:00  WARN 100902 --- [auth-service] [           main] JpaBaseConfiguration$JpaWebConfiguration : spring.jpa.open-in-view is enabled by default. Therefore, database queries may be performed during view rendering. Explicitly configure spring.jpa.open-in-view to disable this warning
2025-12-02T17:07:54.526-05:00  INFO 100902 --- [auth-service] [           main] o.s.s.web.DefaultSecurityFilterChain     : Will secure any request with [org.springframework.security.web.session.DisableEncodeUrlFilter@3889c343, org.springframework.security.web.context.request.async.WebAsyncManagerIntegrationFilter@34be7efb, org.springframework.security.web.context.SecurityContextHolderFilter@feab3ae, org.springframework.security.web.header.HeaderWriterFilter@7a689979, org.springframework.web.filter.CorsFilter@136cad3e, org.springframework.security.web.authentication.logout.LogoutFilter@1d5958d3, org.springframework.security.web.savedrequest.RequestCacheAwareFilter@64f2b1b4, org.springframework.security.web.servletapi.SecurityContextHolderAwareRequestFilter@11ad327f, org.springframework.security.web.authentication.AnonymousAuthenticationFilter@13e5b262, org.springframework.security.web.session.SessionManagementFilter@34f32575, org.springframework.security.web.access.ExceptionTranslationFilter@4fea23d6, org.springframework.security.web.access.intercept.AuthorizationFilter@3eb641a8]
2025-12-02T17:07:54.634-05:00  INFO 100902 --- [auth-service] [           main] o.s.b.w.embedded.tomcat.TomcatWebServer  : Tomcat started on port 8081 (http) with context path ''
2025-12-02T17:07:54.639-05:00  INFO 100902 --- [auth-service] [           main] com.nuvo.auth.AuthApplication            : Started AuthApplication in 2.343 seconds (process running for 2.499)
2025-12-02T17:11:28.749-05:00  INFO 100902 --- [auth-service] [nio-8081-exec-1] o.a.c.c.C.[Tomcat].[localhost].[/]       : Initializing Spring DispatcherServlet 'dispatcherServlet'
2025-12-02T17:11:28.750-05:00  INFO 100902 --- [auth-service] [nio-8081-exec-1] o.s.web.servlet.DispatcherServlet        : Initializing Servlet 'dispatcherServlet'
2025-12-02T17:11:28.750-05:00  INFO 100902 --- [auth-service] [nio-8081-exec-1] o.s.web.servlet.DispatcherServlet        : Completed initialization in 0 ms
2025-12-02T17:32:51.598-05:00  INFO 100902 --- [auth-service] [ionShutdownHook] j.LocalContainerEntityManagerFactoryBean : Closing JPA EntityManagerFactory for persistence unit 'default'
2025-12-02T17:32:51.600-05:00  INFO 100902 --- [auth-service] [ionShutdownHook] com.zaxxer.hikari.HikariDataSource       : HikariPool-1 - Shutdown initiated...
2025-12-02T17:32:51.604-05:00  INFO 100902 --- [auth-service] [ionShutdownHook] com.zaxxer.hikari.HikariDataSource       : HikariPool-1 - Shutdown completed.
