nohup: no se tendrá en cuenta la entrada
[INFO] Scanning for projects...
[INFO] 
[INFO] -----------------------< com.nuvo:auth-service >------------------------
[INFO] Building auth-service 0.0.1-SNAPSHOT
[INFO]   from pom.xml
[INFO] --------------------------------[ jar ]---------------------------------
[INFO] 
[INFO] >>> spring-boot:3.2.3:run (default-cli) > test-compile @ auth-service >>>
[INFO] 
[INFO] --- resources:3.3.1:resources (default-resources) @ auth-service ---
[INFO] Copying 1 resource from src/main/resources to target/classes
[INFO] Copying 0 resource from src/main/resources to target/classes
[INFO] 
[INFO] --- compiler:3.11.0:compile (default-compile) @ auth-service ---
[INFO] Nothing to compile - all classes are up to date
[INFO] 
[INFO] --- resources:3.3.1:testResources (default-testResources) @ auth-service ---
[INFO] skip non existing resourceDirectory /home/Coder/Descargas/NUVO-main/nuvo-auth-service/src/test/resources
[INFO] 
[INFO] --- compiler:3.11.0:testCompile (default-testCompile) @ auth-service ---
[INFO] No sources to compile
[INFO] 
[INFO] <<< spring-boot:3.2.3:run (default-cli) < test-compile @ auth-service <<<
[INFO] 
[INFO] 
[INFO] --- spring-boot:3.2.3:run (default-cli) @ auth-service ---
[INFO] Attaching agents: []

  .   ____          _            __ _ _
 /\\ / ___'_ __ _ _(_)_ __  __ _ \ \ \ \
( ( )\___ | '_ | '_| | '_ \/ _` | \ \ \ \
 \\/  ___)| |_)| | | | | || (_| |  ) ) ) )
  '  |____| .__|_| |_|_| |_\__, | / / / /
 =========|_|==============|___/=/_/_/_/
 :: Spring Boot ::                (v3.2.3)

2025-11-27T19:34:28.183-05:00  INFO 67969 --- [auth-service] [           main] com.nuvo.auth.AuthApplication            : Starting AuthApplication using Java 17.0.17 with PID 67969 (/home/Coder/Descargas/NUVO-main/nuvo-auth-service/target/classes started by Coder in /home/Coder/Descargas/NUVO-main/nuvo-auth-service)
2025-11-27T19:34:28.184-05:00  INFO 67969 --- [auth-service] [           main] com.nuvo.auth.AuthApplication            : No active profile set, falling back to 1 default profile: "default"
2025-11-27T19:34:28.481-05:00  INFO 67969 --- [auth-service] [           main] .s.d.r.c.RepositoryConfigurationDelegate : Bootstrapping Spring Data JPA repositories in DEFAULT mode.
2025-11-27T19:34:28.512-05:00  INFO 67969 --- [auth-service] [           main] .s.d.r.c.RepositoryConfigurationDelegate : Finished Spring Data repository scanning in 27 ms. Found 1 JPA repository interface.
2025-11-27T19:34:28.761-05:00  INFO 67969 --- [auth-service] [           main] o.s.b.w.embedded.tomcat.TomcatWebServer  : Tomcat initialized with port 8081 (http)
2025-11-27T19:34:28.767-05:00  INFO 67969 --- [auth-service] [           main] o.apache.catalina.core.StandardService   : Starting service [Tomcat]
2025-11-27T19:34:28.767-05:00  INFO 67969 --- [auth-service] [           main] o.apache.catalina.core.StandardEngine    : Starting Servlet engine: [Apache Tomcat/10.1.19]
2025-11-27T19:34:28.792-05:00  INFO 67969 --- [auth-service] [           main] o.a.c.c.C.[Tomcat].[localhost].[/]       : Initializing Spring embedded WebApplicationContext
2025-11-27T19:34:28.793-05:00  INFO 67969 --- [auth-service] [           main] w.s.c.ServletWebServerApplicationContext : Root WebApplicationContext: initialization completed in 585 ms
2025-11-27T19:34:28.874-05:00  INFO 67969 --- [auth-service] [           main] o.hibernate.jpa.internal.util.LogHelper  : HHH000204: Processing PersistenceUnitInfo [name: default]
2025-11-27T19:34:28.894-05:00  INFO 67969 --- [auth-service] [           main] org.hibernate.Version                    : HHH000412: Hibernate ORM core version 6.4.4.Final
2025-11-27T19:34:28.907-05:00  INFO 67969 --- [auth-service] [           main] o.h.c.internal.RegionFactoryInitiator    : HHH000026: Second-level cache disabled
2025-11-27T19:34:29.004-05:00  INFO 67969 --- [auth-service] [           main] o.s.o.j.p.SpringPersistenceUnitInfo      : No LoadTimeWeaver setup: ignoring JPA class transformer
2025-11-27T19:34:29.017-05:00  INFO 67969 --- [auth-service] [           main] com.zaxxer.hikari.HikariDataSource       : HikariPool-1 - Starting...
2025-11-27T19:34:29.069-05:00  INFO 67969 --- [auth-service] [           main] com.zaxxer.hikari.pool.HikariPool        : HikariPool-1 - Added connection org.postgresql.jdbc.PgConnection@2edb2f8b
2025-11-27T19:34:29.070-05:00  INFO 67969 --- [auth-service] [           main] com.zaxxer.hikari.HikariDataSource       : HikariPool-1 - Start completed.
2025-11-27T19:34:29.084-05:00  WARN 67969 --- [auth-service] [           main] org.hibernate.orm.deprecation            : HHH90000025: PostgreSQLDialect does not need to be specified explicitly using 'hibernate.dialect' (remove the property setting and it will be selected by default)
2025-11-27T19:34:29.458-05:00  INFO 67969 --- [auth-service] [           main] o.h.e.t.j.p.i.JtaPlatformInitiator       : HHH000489: No JTA platform available (set 'hibernate.transaction.jta.platform' to enable JTA platform integration)
2025-11-27T19:34:29.477-05:00  INFO 67969 --- [auth-service] [           main] j.LocalContainerEntityManagerFactoryBean : Initialized JPA EntityManagerFactory for persistence unit 'default'
2025-11-27T19:34:29.656-05:00  WARN 67969 --- [auth-service] [           main] JpaBaseConfiguration$JpaWebConfiguration : spring.jpa.open-in-view is enabled by default. Therefore, database queries may be performed during view rendering. Explicitly configure spring.jpa.open-in-view to disable this warning
2025-11-27T19:34:29.768-05:00  INFO 67969 --- [auth-service] [           main] o.s.s.web.DefaultSecurityFilterChain     : Will secure any request with [org.springframework.security.web.session.DisableEncodeUrlFilter@5b8599c7, org.springframework.security.web.context.request.async.WebAsyncManagerIntegrationFilter@31e9d94f, org.springframework.security.web.context.SecurityContextHolderFilter@608c7b5b, org.springframework.security.web.header.HeaderWriterFilter@23ee70a7, org.springframework.web.filter.CorsFilter@69a3944, org.springframework.security.web.authentication.logout.LogoutFilter@1b868ef0, org.springframework.security.web.savedrequest.RequestCacheAwareFilter@17d45cfb, org.springframework.security.web.servletapi.SecurityContextHolderAwareRequestFilter@1fb00a6d, org.springframework.security.web.authentication.AnonymousAuthenticationFilter@4987142d, org.springframework.security.web.session.SessionManagementFilter@5c13534a, org.springframework.security.web.access.ExceptionTranslationFilter@1dbf727a, org.springframework.security.web.access.intercept.AuthorizationFilter@31ab75a5]
2025-11-27T19:34:29.855-05:00  INFO 67969 --- [auth-service] [           main] o.s.b.w.embedded.tomcat.TomcatWebServer  : Tomcat started on port 8081 (http) with context path ''
2025-11-27T19:34:29.860-05:00  INFO 67969 --- [auth-service] [           main] com.nuvo.auth.AuthApplication            : Started AuthApplication in 1.86 seconds (process running for 2.011)
2025-11-27T19:35:28.575-05:00  INFO 67969 --- [auth-service] [nio-8081-exec-1] o.a.c.c.C.[Tomcat].[localhost].[/]       : Initializing Spring DispatcherServlet 'dispatcherServlet'
2025-11-27T19:35:28.576-05:00  INFO 67969 --- [auth-service] [nio-8081-exec-1] o.s.web.servlet.DispatcherServlet        : Initializing Servlet 'dispatcherServlet'
2025-11-27T19:35:28.577-05:00  INFO 67969 --- [auth-service] [nio-8081-exec-1] o.s.web.servlet.DispatcherServlet        : Completed initialization in 1 ms
2025-11-27T19:35:28.720-05:00  INFO 67969 --- [auth-service] [nio-8081-exec-2] c.n.a.i.adapters.AuthenticationAdapter   : Intentando autenticar usuario: juan@nuvo.com
Hibernate: select ue1_0.id,ue1_0.email,ue1_0.firstname,ue1_0.lastname,ue1_0.password,ue1_0.role from _user ue1_0 where ue1_0.email=?
DEBUG - Usuario encontrado: juan@nuvo.com
DEBUG - Password en BD: $2a$10$slYQmyNdGzTn7ZLBXBChFOC9f6kFjAqPhccnP6DxlZ/r2sZ8NCNRa
2025-11-27T19:35:28.978-05:00 ERROR 67969 --- [auth-service] [nio-8081-exec-2] c.n.a.i.adapters.AuthenticationAdapter   : Error de autenticación para usuario juan@nuvo.com: Bad credentials
2025-11-27T19:35:30.652-05:00  INFO 67969 --- [auth-service] [nio-8081-exec-3] c.n.a.i.adapters.AuthenticationAdapter   : Intentando autenticar usuario: juan@nuvo.com
Hibernate: select ue1_0.id,ue1_0.email,ue1_0.firstname,ue1_0.lastname,ue1_0.password,ue1_0.role from _user ue1_0 where ue1_0.email=?
DEBUG - Usuario encontrado: juan@nuvo.com
DEBUG - Password en BD: $2a$10$slYQmyNdGzTn7ZLBXBChFOC9f6kFjAqPhccnP6DxlZ/r2sZ8NCNRa
2025-11-27T19:35:30.723-05:00 ERROR 67969 --- [auth-service] [nio-8081-exec-3] c.n.a.i.adapters.AuthenticationAdapter   : Error de autenticación para usuario juan@nuvo.com: Bad credentials
2025-11-27T19:35:37.880-05:00  INFO 67969 --- [auth-service] [nio-8081-exec-5] c.n.a.i.adapters.AuthenticationAdapter   : Intentando autenticar usuario: juan@nuvo.com
Hibernate: select ue1_0.id,ue1_0.email,ue1_0.firstname,ue1_0.lastname,ue1_0.password,ue1_0.role from _user ue1_0 where ue1_0.email=?
DEBUG - Usuario encontrado: juan@nuvo.com
DEBUG - Password en BD: $2a$10$slYQmyNdGzTn7ZLBXBChFOC9f6kFjAqPhccnP6DxlZ/r2sZ8NCNRa
2025-11-27T19:35:37.951-05:00 ERROR 67969 --- [auth-service] [nio-8081-exec-5] c.n.a.i.adapters.AuthenticationAdapter   : Error de autenticación para usuario juan@nuvo.com: Bad credentials
2025-11-27T19:35:38.771-05:00  INFO 67969 --- [auth-service] [nio-8081-exec-6] c.n.a.i.adapters.AuthenticationAdapter   : Intentando autenticar usuario: juan@nuvo.com
Hibernate: select ue1_0.id,ue1_0.email,ue1_0.firstname,ue1_0.lastname,ue1_0.password,ue1_0.role from _user ue1_0 where ue1_0.email=?
DEBUG - Usuario encontrado: juan@nuvo.com
DEBUG - Password en BD: $2a$10$slYQmyNdGzTn7ZLBXBChFOC9f6kFjAqPhccnP6DxlZ/r2sZ8NCNRa
2025-11-27T19:35:38.852-05:00 ERROR 67969 --- [auth-service] [nio-8081-exec-6] c.n.a.i.adapters.AuthenticationAdapter   : Error de autenticación para usuario juan@nuvo.com: Bad credentials
2025-11-27T19:35:39.362-05:00  INFO 67969 --- [auth-service] [nio-8081-exec-7] c.n.a.i.adapters.AuthenticationAdapter   : Intentando autenticar usuario: juan@nuvo.com
Hibernate: select ue1_0.id,ue1_0.email,ue1_0.firstname,ue1_0.lastname,ue1_0.password,ue1_0.role from _user ue1_0 where ue1_0.email=?
DEBUG - Usuario encontrado: juan@nuvo.com
DEBUG - Password en BD: $2a$10$slYQmyNdGzTn7ZLBXBChFOC9f6kFjAqPhccnP6DxlZ/r2sZ8NCNRa
2025-11-27T19:35:39.440-05:00 ERROR 67969 --- [auth-service] [nio-8081-exec-7] c.n.a.i.adapters.AuthenticationAdapter   : Error de autenticación para usuario juan@nuvo.com: Bad credentials
2025-11-27T19:35:39.820-05:00  INFO 67969 --- [auth-service] [nio-8081-exec-8] c.n.a.i.adapters.AuthenticationAdapter   : Intentando autenticar usuario: juan@nuvo.com
Hibernate: select ue1_0.id,ue1_0.email,ue1_0.firstname,ue1_0.lastname,ue1_0.password,ue1_0.role from _user ue1_0 where ue1_0.email=?
DEBUG - Usuario encontrado: juan@nuvo.com
DEBUG - Password en BD: $2a$10$slYQmyNdGzTn7ZLBXBChFOC9f6kFjAqPhccnP6DxlZ/r2sZ8NCNRa
2025-11-27T19:35:39.908-05:00 ERROR 67969 --- [auth-service] [nio-8081-exec-8] c.n.a.i.adapters.AuthenticationAdapter   : Error de autenticación para usuario juan@nuvo.com: Bad credentials
2025-11-27T19:35:40.227-05:00  INFO 67969 --- [auth-service] [nio-8081-exec-9] c.n.a.i.adapters.AuthenticationAdapter   : Intentando autenticar usuario: juan@nuvo.com
Hibernate: select ue1_0.id,ue1_0.email,ue1_0.firstname,ue1_0.lastname,ue1_0.password,ue1_0.role from _user ue1_0 where ue1_0.email=?
DEBUG - Usuario encontrado: juan@nuvo.com
DEBUG - Password en BD: $2a$10$slYQmyNdGzTn7ZLBXBChFOC9f6kFjAqPhccnP6DxlZ/r2sZ8NCNRa
2025-11-27T19:35:40.299-05:00 ERROR 67969 --- [auth-service] [nio-8081-exec-9] c.n.a.i.adapters.AuthenticationAdapter   : Error de autenticación para usuario juan@nuvo.com: Bad credentials
[INFO] ------------------------------------------------------------------------
[INFO] BUILD FAILURE
[INFO] ------------------------------------------------------------------------
[INFO] Total time:  02:18 min
[INFO] Finished at: 2025-11-27T19:36:45-05:00
[INFO] ------------------------------------------------------------------------
[ERROR] Failed to execute goal org.springframework.boot:spring-boot-maven-plugin:3.2.3:run (default-cli) on project auth-service: Process terminated with exit code: 137 -> [Help 1]
[ERROR] 
[ERROR] To see the full stack trace of the errors, re-run Maven with the -e switch.
[ERROR] Re-run Maven using the -X switch to enable full debug logging.
[ERROR] 
[ERROR] For more information about the errors and possible solutions, please read the following articles:
[ERROR] [Help 1] http://cwiki.apache.org/confluence/display/MAVEN/MojoExecutionException
