nohup: no se tendrá en cuenta la entrada
[INFO] Scanning for projects...
[INFO] 
[INFO] -----------------------< com.nuvo:loan-service >------------------------
[INFO] Building loan-service 0.0.1-SNAPSHOT
[INFO]   from pom.xml
[INFO] --------------------------------[ jar ]---------------------------------
[INFO] 
[INFO] >>> spring-boot:3.2.3:run (default-cli) > test-compile @ loan-service >>>
[INFO] 
[INFO] --- resources:3.3.1:resources (default-resources) @ loan-service ---
[INFO] Copying 1 resource from src/main/resources to target/classes
[INFO] Copying 0 resource from src/main/resources to target/classes
[INFO] 
[INFO] --- compiler:3.13.0:compile (default-compile) @ loan-service ---
[INFO] Nothing to compile - all classes are up to date.
[INFO] 
[INFO] --- resources:3.3.1:testResources (default-testResources) @ loan-service ---
[INFO] skip non existing resourceDirectory /home/Coder/Descargas/NUVO-main/nuvo-loan-service/src/test/resources
[INFO] 
[INFO] --- compiler:3.13.0:testCompile (default-testCompile) @ loan-service ---
[INFO] No sources to compile
[INFO] 
[INFO] <<< spring-boot:3.2.3:run (default-cli) < test-compile @ loan-service <<<
[INFO] 
[INFO] 
[INFO] --- spring-boot:3.2.3:run (default-cli) @ loan-service ---
[INFO] Attaching agents: []

  .   ____          _            __ _ _
 /\\ / ___'_ __ _ _(_)_ __  __ _ \ \ \ \
( ( )\___ | '_ | '_| | '_ \/ _` | \ \ \ \
 \\/  ___)| |_)| | | | | || (_| |  ) ) ) )
  '  |____| .__|_| |_|_| |_\__, | / / / /
 =========|_|==============|___/=/_/_/_/
 :: Spring Boot ::                (v3.2.3)

2025-11-27T19:21:08.359-05:00  INFO 53038 --- [loan-service] [           main] com.nuvo.loan.LoanApplication            : Starting LoanApplication using Java 17.0.17 with PID 53038 (/home/Coder/Descargas/NUVO-main/nuvo-loan-service/target/classes started by Coder in /home/Coder/Descargas/NUVO-main/nuvo-loan-service)
2025-11-27T19:21:08.361-05:00  INFO 53038 --- [loan-service] [           main] com.nuvo.loan.LoanApplication            : No active profile set, falling back to 1 default profile: "default"
2025-11-27T19:21:08.669-05:00  INFO 53038 --- [loan-service] [           main] .s.d.r.c.RepositoryConfigurationDelegate : Bootstrapping Spring Data JPA repositories in DEFAULT mode.
2025-11-27T19:21:08.692-05:00  INFO 53038 --- [loan-service] [           main] .s.d.r.c.RepositoryConfigurationDelegate : Finished Spring Data repository scanning in 19 ms. Found 1 JPA repository interface.
2025-11-27T19:21:08.781-05:00  INFO 53038 --- [loan-service] [           main] o.s.cloud.context.scope.GenericScope     : BeanFactory id=3aa00bee-3eae-345c-9efc-fa451cf222b8
2025-11-27T19:21:08.946-05:00  INFO 53038 --- [loan-service] [           main] o.s.b.w.embedded.tomcat.TomcatWebServer  : Tomcat initialized with port 8084 (http)
2025-11-27T19:21:08.953-05:00  INFO 53038 --- [loan-service] [           main] o.apache.catalina.core.StandardService   : Starting service [Tomcat]
2025-11-27T19:21:08.953-05:00  INFO 53038 --- [loan-service] [           main] o.apache.catalina.core.StandardEngine    : Starting Servlet engine: [Apache Tomcat/10.1.19]
2025-11-27T19:21:08.982-05:00  INFO 53038 --- [loan-service] [           main] o.a.c.c.C.[Tomcat].[localhost].[/]       : Initializing Spring embedded WebApplicationContext
2025-11-27T19:21:08.983-05:00  INFO 53038 --- [loan-service] [           main] w.s.c.ServletWebServerApplicationContext : Root WebApplicationContext: initialization completed in 596 ms
2025-11-27T19:21:09.073-05:00  INFO 53038 --- [loan-service] [           main] o.hibernate.jpa.internal.util.LogHelper  : HHH000204: Processing PersistenceUnitInfo [name: default]
2025-11-27T19:21:09.095-05:00  INFO 53038 --- [loan-service] [           main] org.hibernate.Version                    : HHH000412: Hibernate ORM core version 6.4.4.Final
2025-11-27T19:21:09.110-05:00  INFO 53038 --- [loan-service] [           main] o.h.c.internal.RegionFactoryInitiator    : HHH000026: Second-level cache disabled
2025-11-27T19:21:09.206-05:00  INFO 53038 --- [loan-service] [           main] o.s.o.j.p.SpringPersistenceUnitInfo      : No LoadTimeWeaver setup: ignoring JPA class transformer
2025-11-27T19:21:09.220-05:00  INFO 53038 --- [loan-service] [           main] com.zaxxer.hikari.HikariDataSource       : HikariPool-1 - Starting...
2025-11-27T19:21:09.278-05:00  INFO 53038 --- [loan-service] [           main] com.zaxxer.hikari.pool.HikariPool        : HikariPool-1 - Added connection org.postgresql.jdbc.PgConnection@7a55fb81
2025-11-27T19:21:09.279-05:00  INFO 53038 --- [loan-service] [           main] com.zaxxer.hikari.HikariDataSource       : HikariPool-1 - Start completed.
2025-11-27T19:21:09.296-05:00  WARN 53038 --- [loan-service] [           main] org.hibernate.orm.deprecation            : HHH90000025: PostgreSQLDialect does not need to be specified explicitly using 'hibernate.dialect' (remove the property setting and it will be selected by default)
2025-11-27T19:21:09.702-05:00  INFO 53038 --- [loan-service] [           main] o.h.e.t.j.p.i.JtaPlatformInitiator       : HHH000489: No JTA platform available (set 'hibernate.transaction.jta.platform' to enable JTA platform integration)
Hibernate: create table loans (id bigserial not null, amount numeric(38,2) not null, approved_at timestamp(6), created_at timestamp(6), interest_rate numeric(38,2) not null, paid_amount numeric(38,2) not null, status varchar(255) check (status in ('PENDING','APPROVED','REJECTED','PAID')), term_months integer not null, user_id integer not null, primary key (id))
2025-11-27T19:21:09.747-05:00  INFO 53038 --- [loan-service] [           main] j.LocalContainerEntityManagerFactoryBean : Initialized JPA EntityManagerFactory for persistence unit 'default'
2025-11-27T19:21:09.935-05:00  WARN 53038 --- [loan-service] [           main] JpaBaseConfiguration$JpaWebConfiguration : spring.jpa.open-in-view is enabled by default. Therefore, database queries may be performed during view rendering. Explicitly configure spring.jpa.open-in-view to disable this warning
2025-11-27T19:21:10.220-05:00  INFO 53038 --- [loan-service] [           main] o.s.b.w.embedded.tomcat.TomcatWebServer  : Tomcat started on port 8084 (http) with context path ''
2025-11-27T19:21:10.265-05:00  INFO 53038 --- [loan-service] [           main] com.nuvo.loan.LoanApplication            : Started LoanApplication in 2.2 seconds (process running for 2.358)
